[18:07:09] [main/INFO] [JMLogger] JourneyMap log initialized.
[18:07:09] [main/INFO] [JourneymapClient] initialize ENTER
[18:07:09] [main/INFO] [ClientAPI] [ClientAPI] built with JourneyMap API 1.8-SNAPSHOT
[18:07:09] [main/INFO] [PluginHelper] Initializing plugins with Client API: journeymap.client.api.impl.ClientAPI
[18:07:09] [main/INFO] [PluginHelper] Initialized IClientPlugin: net.blay09.mods.waystones.compat.JourneyMapAddon
[18:07:09] [main/DEBUG] [JourneymapClient] Loading and Generating Journeymap configs
[18:07:09] [Render thread/INFO] [?] Version: JourneyMap 1.16.5-5.8.1beta3, built with Forge 1.16.5-36.2.22
Forge: 36.2.34
Environment: os.name, os.arch, java.version, user.country, user.language=null, game language=es_es, locale=en_us
Features: 
	RadarPlayers : singleplayer = true , multiplayer = true
	RadarAnimals : singleplayer = true , multiplayer = true
	RadarMobs : singleplayer = true , multiplayer = true
	RadarVillagers : singleplayer = true , multiplayer = true
	MapTopo : singleplayer = true , multiplayer = true
	MapSurface : singleplayer = true , multiplayer = true
	MapCaves : singleplayer = true , multiplayer = true
	MapBiome : singleplayer = true , multiplayer = true
MiniMapProperties{state=Valid, file=journeymap.minimap.config, configVersion=5.8.1beta3, zoomLevel=0, compassFontScale=1.0, terrainAlpha=60, showEntityNames=true, positionX=0.8854167, positionY=0.0037037036, effectVertical=false, showPlayerHeading=false, sizePercent=20, playerDisplayScale=1.0, showDayNight=true, showPets=true, preferredMapType=day, showCompass=false, mobDisplay=jm.common.entity_display.icons, systemTimeRealFormat=HH:mm:ss, shape=jm.minimap.shape_square, showSelf=true, selfDisplayScale=1.0, showGrid=false, reticleOrientation=jm.minimap.orientation.compass, gameTimeRealFormat=HH:mm:ss, effectTranslateX=-74, showWaypoints=true, minimapKeyMovementSpeed=0.001, showAnimals=false, infoSlotAlpha=0.7, effectTranslateY=1, showWaypointLabels=true, moveEffectIcons=true, position=jm.minimap.position_custom, fontScale=1.0, showPlayers=true, frameAlpha=25, effectReversed=false, backgroundAlpha=0.25, enabled=true, showVillagers=false, info2Label=jm.theme.labelsource.blank, info3Label=jm.theme.labelsource.blank, showMobs=false, waypointLabelScale=1.0, showReticle=false, orientation=jm.minimap.orientation.north, info4Label=jm.theme.labelsource.blank, locationFormat=xyz, playerDisplay=jm.common.entity_display.icons, mobDisplayScale=1.0, showCaves=false, showMobHeading=false, locationFormatVerbose=false, info1Label=jm.theme.labelsource.blank}
MiniMapProperties{state=Valid, file=journeymap.minimap2.config, configVersion=5.8.1beta3, zoomLevel=0, compassFontScale=1.0, terrainAlpha=100, showEntityNames=true, positionX=0.9, positionY=0.25, effectVertical=false, showPlayerHeading=true, sizePercent=30, playerDisplayScale=1.0, showDayNight=true, showPets=true, preferredMapType=day, showCompass=true, mobDisplay=jm.common.entity_display.dots, systemTimeRealFormat=HH:mm:ss, shape=jm.minimap.shape_rectangle, showSelf=true, selfDisplayScale=1.0, showGrid=true, reticleOrientation=jm.minimap.orientation.compass, gameTimeRealFormat=HH:mm:ss, effectTranslateX=0, showWaypoints=true, minimapKeyMovementSpeed=0.001, showAnimals=true, infoSlotAlpha=0.7, effectTranslateY=0, showWaypointLabels=true, moveEffectIcons=true, position=jm.minimap.position_topright, fontScale=1.0, showPlayers=true, frameAlpha=100, effectReversed=false, backgroundAlpha=0.8, enabled=true, showVillagers=true, info2Label=jm.theme.labelsource.gametime, info3Label=jm.theme.labelsource.location, showMobs=true, waypointLabelScale=1.0, showReticle=true, orientation=jm.minimap.orientation.north, info4Label=jm.theme.labelsource.biome, locationFormat=xzyv, playerDisplay=jm.common.entity_display.dots, mobDisplayScale=1.0, showCaves=true, showMobHeading=true, locationFormatVerbose=true, info1Label=jm.theme.labelsource.blank}
FullMapProperties{state=Valid, file=journeymap.fullmap.config, configVersion=5.8.1beta3, zoomLevel=0, showPlayers=true, showEntityNames=true, showPlayerHeading=false, showVillagers=false, showPlayerLoc=true, showKeys=false, playerDisplayScale=1.0, showMobs=false, showPets=false, waypointLabelScale=1.0, preferredMapType=day, mobDisplay=jm.common.entity_display.dots, showSelf=true, locationFormat=xzyv, playerDisplay=jm.common.entity_display.dots, mobDisplayScale=1.0, selfDisplayScale=1.0, showGrid=true, showMouseLoc=true, showWaypoints=true, showCaves=false, showAnimals=false, dragScale=1, showMobHeading=false, showWaypointLabels=true, locationFormatVerbose=true, fontScale=1.0}
WaypointProperties{state=Valid, file=journeymap.waypoint.config, configVersion=5.8.1beta3, autoRemoveDeathpointDistance=2, dateFormat=MM-dd-yyyy, autoRemoveDeathpoints=false, fullscreenDoubleClickToCreate=true, managerDimensionFocus=false, minDistance=4, boldLabel=false, textureSmall=true, showDeathpointlabel=true, beaconEnabled=true, createDeathpoints=true, showName=true, disableStrikeThrough=false, maxDistance=0, autoHideLabel=true, autoRemoveTempWaypoints=2, teleportCommand=/tp {name} {x} {y} {z}, showStaticBeam=true, timeFormat=HH:mm:ss, showDeviationLabel=false, showDistance=true, showRotatingBeam=true, fontScale=2.0, showTexture=true, managerEnabled=true}
WebMapProperties{state=Valid, file=journeymap.webmap.config, configVersion=5.8.1beta3, port=8080, enabled=false}
CoreProperties{state=Valid, file=journeymap.core.config, configVersion=5.8.1beta3, verboseColorPalette=false, maxPlayersData=32, mapSurfaceAboveCaves=false, dataCachingEnabled=true, optionsManagerViewed=5.8.1beta3, announceMod=true, colorPassive=#bbbbbb, renderOverlayEventTypeName=ALL, mapBlendWater=false, renderDistanceSurfaceMax=0, radarVerticalDistance=16, mapBlendGrass=true, recordCacheStats=false, hideSneakingEntities=true, revealShape=jm.minimap.shape_circle, mapBiome=true, alwaysMapSurface=false, colorVillager=#88e188, mapPlants=false, colorPet=#0077ff, radarLateralDistance=64, mapBathymetry=false, mapCrops=true, maxMobsData=32, mapPlantShadows=false, alwaysMapCaves=false, checkUpdates=false, browserPoll=2000, mapBlendFoliage=true, hideSpectators=true, mappingEnabled=true, colorPlayer=#ffffff, tileHighDisplayQuality=true, cacheVillagersData=2200, logLevel=INFO, maxVillagersData=32, mapWaterBiomeColors=true, maxAnimalsData=32, mapTransparency=true, tileRenderType=1, caveIgnoreGlass=true, mapTopography=true, renderDistanceCaveMax=0, mapAntialiasing=true, colorSelf=#0000ff, cachePlayersData=2000, cacheMobsData=3000, cachePlayerData=1000, splashViewed=5.8.1beta3, colorHostile=#ff0000, cacheAnimalsData=3100, themeName=Purist, mapCaveLighting=false, renderDelay=2, renderOverlayPreEvent=true, glErrorChecking=false, autoMapPoll=2000}
[18:07:09] [main/DEBUG] [EventHandlerManager] Handler registered: journeymap.client.forge.event.KeyEventHandler
[18:07:09] [main/DEBUG] [EventHandlerManager] Handler registered: journeymap.client.forge.event.ChatEventHandler
[18:07:09] [main/DEBUG] [EventHandlerManager] Handler registered: journeymap.client.forge.event.StateTickHandler
[18:07:09] [main/DEBUG] [EventHandlerManager] Handler registered: journeymap.client.forge.event.WorldEventHandler
[18:07:09] [main/DEBUG] [EventHandlerManager] Handler registered: journeymap.client.forge.event.WaypointBeaconHandler
[18:07:09] [main/DEBUG] [EventHandlerManager] Handler registered: journeymap.client.forge.event.TextureAtlasHandler
[18:07:09] [main/DEBUG] [EventHandlerManager] Handler registered: journeymap.client.forge.event.MiniMapOverlayHandler
[18:07:09] [main/DEBUG] [EventHandlerManager] Handler registered: journeymap.client.forge.event.PlayerConnectHandler
[18:07:09] [main/DEBUG] [EventHandlerManager] Handler registered: journeymap.client.world.ChunkMonitor
[18:07:09] [main/DEBUG] [EventHandlerManager] Handler registered: journeymap.client.forge.event.HudOverlayHandler
[18:07:09] [main/DEBUG] [EventHandlerManager] Handler registered: journeymap.client.forge.event.PopupMenuEventHandler
[18:07:09] [main/INFO] [JourneymapClient] initialize EXIT, elapsed count 1 avg 883,32ms
[18:07:24] [main/INFO] [JourneymapClient] Journeymap PostInit
[18:07:24] [main/DEBUG] [JourneymapClient] postInitialize ENTER
[18:07:24] [main/TRACE] [ThemeLoader] Initializing themes ...
[18:07:25] [main/INFO] [ThemeLoader] Preloaded theme textures: 73
[18:07:25] [main/INFO] [VersionCheck] Update check disabled in properties file.
[18:07:25] [main/INFO] [JourneymapClient] postInitialize EXIT, elapsed count 1 avg 362,56ms
[18:08:52] [Server thread/INFO] [ForgeConfig] Loading JourneyMap Forge Configs
[18:09:05] [main/INFO] [ChatLog] 
[18:09:06] [main/INFO] [WaypointStore] Loaded 0 waypoints from C:\Users\ismae\AppData\Roaming\.minecraft\journeymap\data\sp\Mundo nuevo mods\waypoints
[18:09:06] [main/INFO] [JourneymapClient] Mapping started in C:\Users\ismae\AppData\Roaming\.minecraft\journeymap\data\sp\Mundo nuevo mods\overworld. Memory: 4032MB total, 1476MB free 
[18:37:12] [main/INFO] [StatTimer] TileDrawStep.updateRegionTexture hit max count, 1000000
[18:37:13] [main/INFO] [StatTimer] TileDrawStep.draw(low) hit max count, 1000000
[18:45:14] [main/INFO] [StateTickHandler] StarDisaster died at BlockPos{x=193, y=68, z=267}. Deathpoints enabled: true. Deathpoint created: true
[18:45:46] [main/INFO] [StateTickHandler] StarDisaster died at BlockPos{x=15, y=77, z=-23}. Deathpoints enabled: true. Deathpoint created: true
[18:45:48] [Server thread/INFO] [JourneymapClient] Mapping halted in C:\Users\ismae\AppData\Roaming\.minecraft\journeymap\data\mp\offline\minecraft:overworld
[18:45:48] [Server thread/WARN] [ColorPalette] Existing color palette's resource packs no longer match current loadout.
[18:45:48] [Server thread/INFO] [ColorPalette] WAS: net.minecraft.resources.ResourcePackInfo@3ac3c355, net.minecraft.resources.ResourcePackInfo@3e3130f2, net.minecraft.resources.ResourcePackInfo@3e340528, net.minecraft.resources.ResourcePackInfo@4eb0d8a, net.minecraft.resources.ResourcePackInfo@51fb4503, net.minecraft.resources.ResourcePackInfo@5420638d, net.minecraft.resources.ResourcePackInfo@937296a9, net.minecraft.resources.ResourcePackInfo@9f4e5a4b, net.minecraft.resources.ResourcePackInfo@9fae9181, net.minecraft.resources.ResourcePackInfo@a2d50a20, net.minecraft.resources.ResourcePackInfo@a9bf88a2, net.minecraft.resources.ResourcePackInfo@aafc49f9, net.minecraft.resources.ResourcePackInfo@bf411c3d, net.minecraft.resources.ResourcePackInfo@bf50980e, net.minecraft.resources.ResourcePackInfo@c77abc2e, net.minecraft.resources.ResourcePackInfo@d37e51f9, net.minecraft.resources.ResourcePackInfo@d48715ae, net.minecraft.resources.ResourcePackInfo@d933e683, net.minecraft.resources.ResourcePackInfo@de4db7b, net.minecraft.resources.ResourcePackInfo@e1cef209, net.minecraft.resources.ResourcePackInfo@e296c6b0, net.minecraft.resources.ResourcePackInfo@faedb132
NOW: net.minecraft.resources.ResourcePackInfo@19f66bd3, net.minecraft.resources.ResourcePackInfo@1a129ad5, net.minecraft.resources.ResourcePackInfo@22fd7379, net.minecraft.resources.ResourcePackInfo@2f8aaae7, net.minecraft.resources.ResourcePackInfo@3ac3c355, net.minecraft.resources.ResourcePackInfo@3e3130f2, net.minecraft.resources.ResourcePackInfo@3e340528, net.minecraft.resources.ResourcePackInfo@3f9559e6, net.minecraft.resources.ResourcePackInfo@45c14caf, net.minecraft.resources.ResourcePackInfo@4eb0d8a, net.minecraft.resources.ResourcePackInfo@51fb4503, net.minecraft.resources.ResourcePackInfo@5420638d, net.minecraft.resources.ResourcePackInfo@57294f65, net.minecraft.resources.ResourcePackInfo@937296a9, net.minecraft.resources.ResourcePackInfo@9f4042ca, net.minecraft.resources.ResourcePackInfo@9f4e5a4b, net.minecraft.resources.ResourcePackInfo@9fae9181, net.minecraft.resources.ResourcePackInfo@9ffc0a62, net.minecraft.resources.ResourcePackInfo@a2d50a20, net.minecraft.resources.ResourcePackInfo@a92d60a5, net.minecraft.resources.ResourcePackInfo@a9bf88a2, net.minecraft.resources.ResourcePackInfo@aafc49f9, net.minecraft.resources.ResourcePackInfo@b8d2a9cc, net.minecraft.resources.ResourcePackInfo@bf411c3d, net.minecraft.resources.ResourcePackInfo@bf50980e, net.minecraft.resources.ResourcePackInfo@c77abc2e, net.minecraft.resources.ResourcePackInfo@d34c6823, net.minecraft.resources.ResourcePackInfo@d37e51f9, net.minecraft.resources.ResourcePackInfo@d48715ae, net.minecraft.resources.ResourcePackInfo@d933e683, net.minecraft.resources.ResourcePackInfo@de4db7b, net.minecraft.resources.ResourcePackInfo@e1cef209, net.minecraft.resources.ResourcePackInfo@e296c6b0, net.minecraft.resources.ResourcePackInfo@faedb132, net.minecraft.resources.ResourcePackInfo@fd22fdfc, net.minecraft.resources.ResourcePackInfo@ffcb334a
